{"/Users/fabio/Desenvolvimento/Meus/Caiena/search-git-user/src/modules/users/serviceUser.ts": {"path":"/Users/fabio/Desenvolvimento/Meus/Caiena/search-git-user/src/modules/users/serviceUser.ts","statementMap":{"0":{"start":{"line":10,"column":16},"end":{"line":16,"column":6}},"1":{"start":{"line":17,"column":4},"end":{"line":17,"column":20}},"2":{"start":{"line":24,"column":16},"end":{"line":30,"column":6}},"3":{"start":{"line":31,"column":4},"end":{"line":31,"column":20}},"4":{"start":{"line":38,"column":16},"end":{"line":44,"column":6}},"5":{"start":{"line":45,"column":4},"end":{"line":45,"column":20}},"6":{"start":{"line":52,"column":16},"end":{"line":58,"column":6}},"7":{"start":{"line":59,"column":4},"end":{"line":59,"column":20}},"8":{"start":{"line":66,"column":16},"end":{"line":72,"column":6}},"9":{"start":{"line":73,"column":4},"end":{"line":73,"column":20}},"10":{"start":{"line":78,"column":17},"end":{"line":81,"column":6}},"11":{"start":{"line":82,"column":4},"end":{"line":82,"column":60}}},"fnMap":{"0":{"name":"(anonymous_0)","decl":{"start":{"line":5,"column":2},"end":{"line":5,"column":3}},"loc":{"start":{"line":9,"column":30},"end":{"line":18,"column":3}},"line":9},"1":{"name":"(anonymous_1)","decl":{"start":{"line":19,"column":2},"end":{"line":19,"column":3}},"loc":{"start":{"line":23,"column":30},"end":{"line":32,"column":3}},"line":23},"2":{"name":"(anonymous_2)","decl":{"start":{"line":33,"column":2},"end":{"line":33,"column":3}},"loc":{"start":{"line":37,"column":30},"end":{"line":46,"column":3}},"line":37},"3":{"name":"(anonymous_3)","decl":{"start":{"line":47,"column":2},"end":{"line":47,"column":3}},"loc":{"start":{"line":51,"column":30},"end":{"line":60,"column":3}},"line":51},"4":{"name":"(anonymous_4)","decl":{"start":{"line":61,"column":2},"end":{"line":61,"column":3}},"loc":{"start":{"line":65,"column":30},"end":{"line":74,"column":3}},"line":65},"5":{"name":"(anonymous_5)","decl":{"start":{"line":75,"column":2},"end":{"line":75,"column":3}},"loc":{"start":{"line":77,"column":46},"end":{"line":83,"column":3}},"line":77}},"branchMap":{},"s":{"0":1,"1":0,"2":0,"3":0,"4":0,"5":0,"6":0,"7":0,"8":0,"9":0,"10":0,"11":0},"f":{"0":1,"1":0,"2":0,"3":0,"4":0,"5":0},"b":{},"_coverageSchema":"1a1c01bbd47fc00a2c39e90264f33305004495a9","hash":"f7849906d92295752039edc527900c5d4d94aaff"}
,"/Users/fabio/Desenvolvimento/Meus/Caiena/search-git-user/src/modules/users/storeUser.ts": {"path":"/Users/fabio/Desenvolvimento/Meus/Caiena/search-git-user/src/modules/users/storeUser.ts","statementMap":{"0":{"start":{"line":6,"column":31},"end":{"line":6,"column":33}},"1":{"start":{"line":13,"column":52},"end":{"line":19,"column":1}},"2":{"start":{"line":21,"column":21},"end":{"line":34,"column":1}},"3":{"start":{"line":36,"column":14},"end":{"line":36,"column":36}},"4":{"start":{"line":38,"column":16},"end":{"line":48,"column":1}},"5":{"start":{"line":39,"column":36},"end":{"line":39,"column":59}},"6":{"start":{"line":40,"column":30},"end":{"line":40,"column":47}},"7":{"start":{"line":41,"column":24},"end":{"line":41,"column":35}},"8":{"start":{"line":42,"column":26},"end":{"line":42,"column":39}},"9":{"start":{"line":43,"column":27},"end":{"line":43,"column":41}},"10":{"start":{"line":44,"column":30},"end":{"line":44,"column":40}},"11":{"start":{"line":45,"column":24},"end":{"line":45,"column":35}},"12":{"start":{"line":46,"column":28},"end":{"line":46,"column":43}},"13":{"start":{"line":47,"column":27},"end":{"line":47,"column":41}},"14":{"start":{"line":50,"column":16},"end":{"line":163,"column":1}},"15":{"start":{"line":52,"column":4},"end":{"line":64,"column":7}},"16":{"start":{"line":53,"column":6},"end":{"line":53,"column":29}},"17":{"start":{"line":54,"column":6},"end":{"line":54,"column":28}},"18":{"start":{"line":55,"column":6},"end":{"line":55,"column":30}},"19":{"start":{"line":56,"column":6},"end":{"line":56,"column":23}},"20":{"start":{"line":57,"column":6},"end":{"line":57,"column":28}},"21":{"start":{"line":58,"column":6},"end":{"line":58,"column":39}},"22":{"start":{"line":59,"column":6},"end":{"line":59,"column":21}},"23":{"start":{"line":60,"column":6},"end":{"line":60,"column":26}},"24":{"start":{"line":61,"column":6},"end":{"line":61,"column":25}},"25":{"start":{"line":62,"column":6},"end":{"line":62,"column":23}},"26":{"start":{"line":63,"column":6},"end":{"line":63,"column":20}},"27":{"start":{"line":67,"column":4},"end":{"line":70,"column":7}},"28":{"start":{"line":68,"column":6},"end":{"line":68,"column":24}},"29":{"start":{"line":69,"column":6},"end":{"line":69,"column":27}},"30":{"start":{"line":73,"column":4},"end":{"line":76,"column":7}},"31":{"start":{"line":74,"column":6},"end":{"line":74,"column":30}},"32":{"start":{"line":75,"column":6},"end":{"line":75,"column":31}},"33":{"start":{"line":79,"column":4},"end":{"line":79,"column":30}},"34":{"start":{"line":82,"column":4},"end":{"line":82,"column":27}},"35":{"start":{"line":85,"column":4},"end":{"line":88,"column":7}},"36":{"start":{"line":86,"column":6},"end":{"line":86,"column":28}},"37":{"start":{"line":87,"column":6},"end":{"line":87,"column":20}},"38":{"start":{"line":91,"column":4},"end":{"line":91,"column":44}},"39":{"start":{"line":94,"column":4},"end":{"line":94,"column":31}},"40":{"start":{"line":95,"column":4},"end":{"line":96,"column":56}},"41":{"start":{"line":96,"column":6},"end":{"line":96,"column":56}},"42":{"start":{"line":97,"column":4},"end":{"line":97,"column":63}},"43":{"start":{"line":97,"column":27},"end":{"line":97,"column":63}},"44":{"start":{"line":98,"column":4},"end":{"line":99,"column":53}},"45":{"start":{"line":99,"column":6},"end":{"line":99,"column":53}},"46":{"start":{"line":101,"column":4},"end":{"line":104,"column":7}},"47":{"start":{"line":102,"column":6},"end":{"line":102,"column":24}},"48":{"start":{"line":103,"column":6},"end":{"line":103,"column":26}},"49":{"start":{"line":107,"column":4},"end":{"line":107,"column":31}},"50":{"start":{"line":108,"column":4},"end":{"line":108,"column":38}},"51":{"start":{"line":109,"column":18},"end":{"line":113,"column":5}},"52":{"start":{"line":115,"column":4},"end":{"line":139,"column":5}},"53":{"start":{"line":117,"column":8},"end":{"line":117,"column":53}},"54":{"start":{"line":118,"column":8},"end":{"line":118,"column":14}},"55":{"start":{"line":121,"column":8},"end":{"line":121,"column":57}},"56":{"start":{"line":122,"column":8},"end":{"line":122,"column":14}},"57":{"start":{"line":125,"column":8},"end":{"line":125,"column":54}},"58":{"start":{"line":126,"column":8},"end":{"line":126,"column":14}},"59":{"start":{"line":129,"column":8},"end":{"line":129,"column":54}},"60":{"start":{"line":130,"column":8},"end":{"line":130,"column":14}},"61":{"start":{"line":133,"column":8},"end":{"line":133,"column":61}},"62":{"start":{"line":134,"column":8},"end":{"line":134,"column":14}},"63":{"start":{"line":137,"column":8},"end":{"line":137,"column":53}},"64":{"start":{"line":138,"column":8},"end":{"line":138,"column":14}},"65":{"start":{"line":140,"column":4},"end":{"line":140,"column":40}},"66":{"start":{"line":141,"column":4},"end":{"line":141,"column":54}},"67":{"start":{"line":143,"column":4},"end":{"line":153,"column":5}},"68":{"start":{"line":144,"column":6},"end":{"line":144,"column":25}},"69":{"start":{"line":146,"column":24},"end":{"line":146,"column":70}},"70":{"start":{"line":147,"column":27},"end":{"line":147,"column":61}},"71":{"start":{"line":148,"column":6},"end":{"line":152,"column":7}},"72":{"start":{"line":149,"column":8},"end":{"line":149,"column":35}},"73":{"start":{"line":151,"column":8},"end":{"line":151,"column":39}},"74":{"start":{"line":155,"column":4},"end":{"line":155,"column":28}},"75":{"start":{"line":156,"column":4},"end":{"line":160,"column":7}},"76":{"start":{"line":157,"column":30},"end":{"line":157,"column":64}},"77":{"start":{"line":158,"column":6},"end":{"line":158,"column":20}},"78":{"start":{"line":159,"column":6},"end":{"line":159,"column":22}},"79":{"start":{"line":161,"column":4},"end":{"line":161,"column":37}}},"fnMap":{"0":{"name":"(anonymous_0)","decl":{"start":{"line":39,"column":30},"end":{"line":39,"column":31}},"loc":{"start":{"line":39,"column":36},"end":{"line":39,"column":59}},"line":39},"1":{"name":"(anonymous_1)","decl":{"start":{"line":40,"column":24},"end":{"line":40,"column":25}},"loc":{"start":{"line":40,"column":30},"end":{"line":40,"column":47}},"line":40},"2":{"name":"(anonymous_2)","decl":{"start":{"line":41,"column":18},"end":{"line":41,"column":19}},"loc":{"start":{"line":41,"column":24},"end":{"line":41,"column":35}},"line":41},"3":{"name":"(anonymous_3)","decl":{"start":{"line":42,"column":20},"end":{"line":42,"column":21}},"loc":{"start":{"line":42,"column":26},"end":{"line":42,"column":39}},"line":42},"4":{"name":"(anonymous_4)","decl":{"start":{"line":43,"column":21},"end":{"line":43,"column":22}},"loc":{"start":{"line":43,"column":27},"end":{"line":43,"column":41}},"line":43},"5":{"name":"(anonymous_5)","decl":{"start":{"line":44,"column":24},"end":{"line":44,"column":25}},"loc":{"start":{"line":44,"column":30},"end":{"line":44,"column":40}},"line":44},"6":{"name":"(anonymous_6)","decl":{"start":{"line":45,"column":18},"end":{"line":45,"column":19}},"loc":{"start":{"line":45,"column":24},"end":{"line":45,"column":35}},"line":45},"7":{"name":"(anonymous_7)","decl":{"start":{"line":46,"column":22},"end":{"line":46,"column":23}},"loc":{"start":{"line":46,"column":28},"end":{"line":46,"column":43}},"line":46},"8":{"name":"(anonymous_8)","decl":{"start":{"line":47,"column":21},"end":{"line":47,"column":22}},"loc":{"start":{"line":47,"column":27},"end":{"line":47,"column":41}},"line":47},"9":{"name":"(anonymous_9)","decl":{"start":{"line":51,"column":9},"end":{"line":51,"column":10}},"loc":{"start":{"line":51,"column":36},"end":{"line":65,"column":3}},"line":51},"10":{"name":"(anonymous_10)","decl":{"start":{"line":52,"column":22},"end":{"line":52,"column":23}},"loc":{"start":{"line":52,"column":35},"end":{"line":64,"column":5}},"line":52},"11":{"name":"(anonymous_11)","decl":{"start":{"line":66,"column":12},"end":{"line":66,"column":13}},"loc":{"start":{"line":66,"column":52},"end":{"line":71,"column":3}},"line":66},"12":{"name":"(anonymous_12)","decl":{"start":{"line":67,"column":23},"end":{"line":67,"column":24}},"loc":{"start":{"line":67,"column":36},"end":{"line":70,"column":5}},"line":67},"13":{"name":"(anonymous_13)","decl":{"start":{"line":72,"column":16},"end":{"line":72,"column":17}},"loc":{"start":{"line":72,"column":60},"end":{"line":77,"column":3}},"line":72},"14":{"name":"(anonymous_14)","decl":{"start":{"line":73,"column":23},"end":{"line":73,"column":24}},"loc":{"start":{"line":73,"column":36},"end":{"line":76,"column":5}},"line":73},"15":{"name":"(anonymous_15)","decl":{"start":{"line":78,"column":18},"end":{"line":78,"column":19}},"loc":{"start":{"line":78,"column":43},"end":{"line":80,"column":3}},"line":78},"16":{"name":"(anonymous_16)","decl":{"start":{"line":81,"column":15},"end":{"line":81,"column":16}},"loc":{"start":{"line":81,"column":40},"end":{"line":83,"column":3}},"line":81},"17":{"name":"(anonymous_17)","decl":{"start":{"line":84,"column":14},"end":{"line":84,"column":15}},"loc":{"start":{"line":84,"column":55},"end":{"line":89,"column":3}},"line":84},"18":{"name":"(anonymous_18)","decl":{"start":{"line":85,"column":16},"end":{"line":85,"column":17}},"loc":{"start":{"line":85,"column":29},"end":{"line":88,"column":5}},"line":85},"19":{"name":"(anonymous_19)","decl":{"start":{"line":90,"column":13},"end":{"line":90,"column":14}},"loc":{"start":{"line":90,"column":78},"end":{"line":92,"column":3}},"line":90},"20":{"name":"(anonymous_20)","decl":{"start":{"line":93,"column":19},"end":{"line":93,"column":20}},"loc":{"start":{"line":93,"column":60},"end":{"line":105,"column":3}},"line":93},"21":{"name":"(anonymous_21)","decl":{"start":{"line":101,"column":23},"end":{"line":101,"column":24}},"loc":{"start":{"line":101,"column":36},"end":{"line":104,"column":5}},"line":101},"22":{"name":"(anonymous_22)","decl":{"start":{"line":106,"column":15},"end":{"line":106,"column":16}},"loc":{"start":{"line":106,"column":27},"end":{"line":162,"column":3}},"line":106},"23":{"name":"(anonymous_23)","decl":{"start":{"line":156,"column":24},"end":{"line":156,"column":25}},"loc":{"start":{"line":156,"column":37},"end":{"line":160,"column":5}},"line":156}},"branchMap":{"0":{"loc":{"start":{"line":95,"column":4},"end":{"line":96,"column":56}},"type":"if","locations":[{"start":{"line":95,"column":4},"end":{"line":96,"column":56}},{"start":{},"end":{}}],"line":95},"1":{"loc":{"start":{"line":97,"column":4},"end":{"line":97,"column":63}},"type":"if","locations":[{"start":{"line":97,"column":4},"end":{"line":97,"column":63}},{"start":{},"end":{}}],"line":97},"2":{"loc":{"start":{"line":97,"column":8},"end":{"line":97,"column":25}},"type":"binary-expr","locations":[{"start":{"line":97,"column":8},"end":{"line":97,"column":13}},{"start":{"line":97,"column":17},"end":{"line":97,"column":25}}],"line":97},"3":{"loc":{"start":{"line":98,"column":4},"end":{"line":99,"column":53}},"type":"if","locations":[{"start":{"line":98,"column":4},"end":{"line":99,"column":53}},{"start":{},"end":{}}],"line":98},"4":{"loc":{"start":{"line":115,"column":4},"end":{"line":139,"column":5}},"type":"switch","locations":[{"start":{"line":116,"column":6},"end":{"line":118,"column":14}},{"start":{"line":120,"column":6},"end":{"line":122,"column":14}},{"start":{"line":124,"column":6},"end":{"line":126,"column":14}},{"start":{"line":128,"column":6},"end":{"line":130,"column":14}},{"start":{"line":132,"column":6},"end":{"line":134,"column":14}},{"start":{"line":136,"column":6},"end":{"line":138,"column":14}}],"line":115},"5":{"loc":{"start":{"line":143,"column":4},"end":{"line":153,"column":5}},"type":"if","locations":[{"start":{"line":143,"column":4},"end":{"line":153,"column":5}},{"start":{"line":145,"column":11},"end":{"line":153,"column":5}}],"line":143},"6":{"loc":{"start":{"line":148,"column":6},"end":{"line":152,"column":7}},"type":"if","locations":[{"start":{"line":148,"column":6},"end":{"line":152,"column":7}},{"start":{"line":150,"column":13},"end":{"line":152,"column":7}}],"line":148}},"s":{"0":1,"1":1,"2":1,"3":1,"4":1,"5":0,"6":0,"7":0,"8":0,"9":0,"10":0,"11":0,"12":0,"13":0,"14":1,"15":0,"16":0,"17":0,"18":0,"19":0,"20":0,"21":0,"22":0,"23":0,"24":0,"25":0,"26":0,"27":0,"28":0,"29":0,"30":0,"31":0,"32":0,"33":1,"34":0,"35":0,"36":0,"37":0,"38":0,"39":0,"40":0,"41":0,"42":0,"43":0,"44":0,"45":0,"46":0,"47":0,"48":0,"49":0,"50":0,"51":0,"52":0,"53":0,"54":0,"55":0,"56":0,"57":0,"58":0,"59":0,"60":0,"61":0,"62":0,"63":0,"64":0,"65":0,"66":0,"67":0,"68":0,"69":0,"70":0,"71":0,"72":0,"73":0,"74":0,"75":0,"76":0,"77":0,"78":0,"79":0},"f":{"0":0,"1":0,"2":0,"3":0,"4":0,"5":0,"6":0,"7":0,"8":0,"9":0,"10":0,"11":0,"12":0,"13":0,"14":0,"15":1,"16":0,"17":0,"18":0,"19":0,"20":0,"21":0,"22":0,"23":0},"b":{"0":[0,0],"1":[0,0],"2":[0,0],"3":[0,0],"4":[0,0,0,0,0,0],"5":[0,0],"6":[0,0]},"_coverageSchema":"1a1c01bbd47fc00a2c39e90264f33305004495a9","hash":"23807a6437a8e0c143830973ec25bf76f0b4d2ce"}
}
