TN:
SF:src/modules/users/serviceUser.ts
FN:5,(anonymous_0)
FN:19,(anonymous_1)
FN:33,(anonymous_2)
FN:47,(anonymous_3)
FN:61,(anonymous_4)
FN:75,(anonymous_5)
FNF:6
FNH:3
FNDA:1,(anonymous_0)
FNDA:0,(anonymous_1)
FNDA:0,(anonymous_2)
FNDA:1,(anonymous_3)
FNDA:0,(anonymous_4)
FNDA:21,(anonymous_5)
DA:10,1
DA:17,1
DA:24,0
DA:31,0
DA:38,0
DA:45,0
DA:52,1
DA:59,1
DA:66,0
DA:73,0
DA:78,21
DA:82,0
LF:12
LH:5
BRF:0
BRH:0
end_of_record
TN:
SF:src/modules/users/storeUser.ts
FN:39,(anonymous_0)
FN:40,(anonymous_1)
FN:41,(anonymous_2)
FN:42,(anonymous_3)
FN:43,(anonymous_4)
FN:44,(anonymous_5)
FN:45,(anonymous_6)
FN:46,(anonymous_7)
FN:47,(anonymous_8)
FN:51,(anonymous_9)
FN:52,(anonymous_10)
FN:66,(anonymous_11)
FN:67,(anonymous_12)
FN:72,(anonymous_13)
FN:73,(anonymous_14)
FN:78,(anonymous_15)
FN:81,(anonymous_16)
FN:82,(anonymous_17)
FN:87,(anonymous_18)
FN:88,(anonymous_19)
FN:93,(anonymous_20)
FN:96,(anonymous_21)
FN:104,(anonymous_22)
FN:109,(anonymous_23)
FN:159,(anonymous_24)
FNF:25
FNH:10
FNDA:0,(anonymous_0)
FNDA:1,(anonymous_1)
FNDA:0,(anonymous_2)
FNDA:0,(anonymous_3)
FNDA:0,(anonymous_4)
FNDA:0,(anonymous_5)
FNDA:0,(anonymous_6)
FNDA:0,(anonymous_7)
FNDA:0,(anonymous_8)
FNDA:0,(anonymous_9)
FNDA:0,(anonymous_10)
FNDA:1,(anonymous_11)
FNDA:1,(anonymous_12)
FNDA:2,(anonymous_13)
FNDA:2,(anonymous_14)
FNDA:3,(anonymous_15)
FNDA:1,(anonymous_16)
FNDA:1,(anonymous_17)
FNDA:0,(anonymous_18)
FNDA:0,(anonymous_19)
FNDA:0,(anonymous_20)
FNDA:0,(anonymous_21)
FNDA:0,(anonymous_22)
FNDA:1,(anonymous_23)
FNDA:20,(anonymous_24)
DA:6,2
DA:13,2
DA:21,2
DA:36,2
DA:38,2
DA:39,0
DA:40,1
DA:41,0
DA:42,0
DA:43,0
DA:44,0
DA:45,0
DA:46,0
DA:47,0
DA:50,2
DA:52,0
DA:53,0
DA:54,0
DA:55,0
DA:56,0
DA:57,0
DA:58,0
DA:59,0
DA:60,0
DA:61,0
DA:62,0
DA:63,0
DA:67,1
DA:68,1
DA:69,1
DA:73,2
DA:74,2
DA:75,2
DA:79,3
DA:82,1
DA:83,1
DA:84,1
DA:88,0
DA:89,0
DA:90,0
DA:94,0
DA:97,0
DA:98,0
DA:99,0
DA:100,0
DA:101,0
DA:102,0
DA:104,0
DA:105,0
DA:106,0
DA:110,1
DA:111,1
DA:112,1
DA:118,1
DA:120,1
DA:121,1
DA:124,0
DA:125,0
DA:128,0
DA:129,0
DA:132,0
DA:133,0
DA:136,0
DA:137,0
DA:140,0
DA:141,0
DA:143,1
DA:144,1
DA:146,1
DA:147,0
DA:149,1
DA:150,1
DA:151,1
DA:152,0
DA:154,1
DA:158,1
DA:159,1
DA:160,20
DA:161,0
DA:162,0
DA:164,1
LF:81
LH:34
BRDA:98,0,0,0
BRDA:98,0,1,0
BRDA:100,1,0,0
BRDA:100,1,1,0
BRDA:100,2,0,0
BRDA:100,2,1,0
BRDA:101,3,0,0
BRDA:101,3,1,0
BRDA:118,4,0,1
BRDA:118,4,1,0
BRDA:118,4,2,0
BRDA:118,4,3,0
BRDA:118,4,4,0
BRDA:118,4,5,0
BRDA:146,5,0,0
BRDA:146,5,1,1
BRDA:151,6,0,0
BRDA:151,6,1,1
BRF:18
BRH:3
end_of_record
